SF:lib\src\domain\data\entities\sample_item.dart
DA:5,3
LF:1
LH:1
end_of_record
SF:lib\src\infrastructure\app_vars.dart
DA:8,4
LF:1
LH:1
end_of_record
SF:lib\src\presentation\features\settings\services\settings_service.dart
DA:10,1
DA:14,0
LF:2
LH:1
end_of_record
SF:lib\src\presentation\features\settings\viewcontrollers\settings_controller.dart
DA:21,2
DA:24,1
DA:31,1
DA:32,4
DA:35,1
DA:39,0
DA:43,0
DA:46,0
DA:49,0
DA:53,0
LF:10
LH:5
end_of_record
SF:lib\src\localization_gen\intl\messages_all.dart
DA:21,3
DA:22,2
DA:25,1
DA:27,1
DA:28,1
DA:35,1
DA:36,1
DA:37,3
DA:38,0
DA:40,0
DA:42,2
DA:43,1
DA:44,3
DA:45,2
DA:46,1
DA:49,1
DA:51,1
DA:57,1
DA:59,1
DA:61,1
LF:20
LH:18
end_of_record
SF:lib\src\localization_gen\intl\messages_en.dart
DA:15,3
DA:20,0
DA:23,2
DA:24,1
LF:4
LH:3
end_of_record
SF:lib\src\localization_gen\l10n.dart
DA:16,1
DA:20,0
DA:21,0
DA:28,1
DA:29,2
DA:30,1
DA:31,1
DA:32,1
DA:33,3
DA:34,1
DA:35,1
DA:42,1
DA:43,1
DA:44,0
DA:49,1
DA:50,1
DA:54,1
DA:55,1
DA:59,1
DA:65,2
DA:67,1
DA:73,1
DA:74,1
DA:75,1
DA:76,1
DA:77,1
DA:80,1
DA:81,2
DA:82,3
LF:29
LH:26
end_of_record
SF:lib\src\my_app.dart
DA:24,1
DA:28,1
DA:35,1
DA:41,1
DA:42,1
DA:43,1
DA:44,1
DA:73,3
DA:78,1
DA:79,1
DA:80,2
DA:84,1
DA:85,1
DA:87,1
DA:88,1
DA:89,1
DA:90,0
DA:91,1
LF:18
LH:17
end_of_record
SF:lib\src\presentation\features\home\ui\sample_item_details_view.dart
DA:9,2
DA:13,2
DA:17,4
DA:20,1
DA:22,1
DA:23,1
DA:24,1
DA:26,1
DA:29,1
DA:30,1
DA:32,1
LF:11
LH:11
end_of_record
SF:lib\src\presentation\features\home\ui\sample_item_list_view.dart
DA:16,2
DA:18,0
DA:22,5
DA:25,0
DA:33,1
DA:35,1
DA:36,1
DA:37,1
DA:39,1
DA:41,1
DA:42,1
DA:44,0
DA:48,0
DA:60,1
DA:66,2
DA:70,1
DA:71,2
DA:73,1
DA:74,1
DA:75,2
DA:77,2
DA:83,0
DA:87,0
LF:23
LH:17
end_of_record
SF:lib\src\presentation\features\settings\ui\settings_view.dart
DA:16,2
DA:20,0
DA:25,0
DA:30,0
DA:34,2
DA:39,1
DA:41,1
DA:42,1
DA:43,1
DA:45,1
DA:48,1
DA:59,1
DA:62,2
DA:64,2
DA:65,1
DA:66,1
DA:69,1
DA:74,1
DA:77,1
DA:82,1
DA:85,1
LF:21
LH:18
end_of_record
SF:lib\src\presentation\themes\my_app_themedata.dart
DA:10,3
DA:11,1
DA:12,1
DA:15,3
DA:16,1
DA:17,1
DA:20,0
DA:25,0
LF:8
LH:6
end_of_record
SF:lib\src\presentation\themes\my_app_colorschemes.dart
DA:17,3
DA:18,1
DA:19,1
DA:20,1
DA:21,1
DA:22,1
DA:23,1
DA:24,1
DA:25,1
DA:26,1
DA:27,1
DA:28,1
DA:29,1
DA:33,0
DA:49,3
DA:50,1
DA:51,1
DA:52,1
DA:53,1
DA:54,1
DA:55,1
DA:56,1
DA:57,1
DA:58,1
DA:59,1
DA:60,1
DA:61,1
DA:65,0
LF:28
LH:26
end_of_record
SF:lib\src\presentation\themes\my_appcolors.dart
DA:11,2
DA:13,2
DA:15,2
DA:17,2
DA:19,2
DA:21,2
DA:23,2
DA:25,2
DA:27,2
DA:29,2
DA:31,2
DA:33,2
DA:37,2
DA:39,2
DA:41,2
DA:43,2
DA:45,2
DA:47,2
DA:49,2
DA:51,2
DA:53,2
DA:55,2
DA:57,2
DA:59,2
DA:63,0
DA:65,0
DA:67,0
DA:69,0
DA:71,0
DA:73,0
DA:75,0
DA:77,0
DA:79,0
DA:81,0
DA:83,0
DA:85,0
DA:89,0
DA:91,0
DA:93,0
DA:95,0
DA:97,0
DA:99,0
DA:101,0
DA:103,0
DA:105,0
DA:107,0
DA:109,0
DA:111,0
LF:48
LH:24
end_of_record
SF:lib\src\presentation\themes\my_typography.dart
DA:27,3
DA:28,1
DA:29,1
DA:30,1
DA:31,1
DA:32,1
DA:35,3
DA:37,1
DA:39,2
DA:46,1
DA:48,2
DA:55,1
DA:57,2
DA:64,1
DA:66,2
DA:73,1
DA:75,2
DA:82,1
DA:84,2
DA:91,1
DA:93,2
DA:100,1
DA:102,2
DA:109,1
DA:111,2
DA:118,1
DA:120,2
DA:127,1
DA:129,2
DA:136,1
DA:138,2
DA:145,1
DA:147,2
DA:155,3
DA:157,1
DA:159,2
DA:166,1
DA:168,2
DA:175,1
DA:177,2
DA:184,1
DA:186,2
DA:193,1
DA:195,2
DA:202,1
DA:204,2
DA:211,1
DA:213,2
DA:220,1
DA:222,2
DA:229,1
DA:231,2
DA:238,1
DA:240,2
DA:247,1
DA:249,2
DA:256,1
DA:258,2
DA:265,1
DA:267,2
DA:275,2
DA:358,2
DA:426,2
LF:63
LH:63
end_of_record
